<?xml version="1.0" encoding="UTF-8"?>
<!-- Generated by org.testng.reporters.JUnitReportReporter -->
<testsuite hostname="Shenthamarai" failures="0" tests="4" name="jobsapiautomation.JobsPut" time="0.926" errors="0" timestamp="9 Feb 2022 22:21:47 GMT">
  <testcase classname="jobsapiautomation.JobsPut" name="putPositiveCases" time="0.234"/>
  <testcase classname="jobsapiautomation.JobsPut" name="putPositiveCases" time="0.220"/>
  <testcase classname="jobsapiautomation.JobsPut" name="putNegativeCases" time="0.256"/>
  <testcase classname="jobsapiautomation.JobsPut" name="putNegativeCases" time="0.216"/>
</testsuite> <!-- jobsapiautomation.JobsPut -->
