<?xml version="1.0" encoding="UTF-8"?>
<!-- Generated by org.testng.reporters.JUnitReportReporter -->
<testsuite hostname="Shenthamarai" failures="0" tests="9" name="lmsapiautomation.LMSPut" time="3.810" errors="0" timestamp="9 Feb 2022 22:21:47 GMT">
  <testcase classname="lmsapiautomation.LMSPut" name="putPositiveCases" time="0.424"/>
  <testcase classname="lmsapiautomation.LMSPut" name="putPositiveCases" time="0.443"/>
  <testcase classname="lmsapiautomation.LMSPut" name="putNegativeCases" time="0.407"/>
  <testcase classname="lmsapiautomation.LMSPut" name="putPositiveCases" time="0.422"/>
  <testcase classname="lmsapiautomation.LMSPut" name="putPositiveCases" time="0.429"/>
  <testcase classname="lmsapiautomation.LMSPut" name="putNegativeCases" time="0.331"/>
  <testcase classname="lmsapiautomation.LMSPut" name="putPositiveCases" time="0.412"/>
  <testcase classname="lmsapiautomation.LMSPut" name="putPositiveCases" time="0.445"/>
  <testcase classname="lmsapiautomation.LMSPut" name="putPositiveCases" time="0.497"/>
</testsuite> <!-- lmsapiautomation.LMSPut -->
