<?xml version="1.0" encoding="UTF-8"?>
<!-- Generated by org.testng.reporters.JUnitReportReporter -->
<testsuite hostname="Shenthamarai" failures="0" tests="4" name="testcases.Trial" time="0.015" errors="0" timestamp="17 Jan 2022 03:19:49 GMT">
  <testcase classname="testcases.Trial" name="testProcessRealNumbers" time="0.001"/>
  <testcase classname="testcases.Trial" name="testDivide" time="0.002"/>
  <testcase classname="testcases.Trial" name="testProcessEvenNumbers" time="0.001"/>
  <testcase classname="testcases.Trial" name="testAdd" time="0.011"/>
</testsuite> <!-- testcases.Trial -->
