<?xml version="1.0" encoding="UTF-8"?>
<!-- Generated by org.testng.reporters.JUnitReportReporter -->
<testsuite hostname="Shenthamarai" failures="0" tests="2" name="jobsapiautomation.JobsGet" time="0.438" errors="0" timestamp="9 Feb 2022 22:21:47 GMT">
  <testcase classname="jobsapiautomation.JobsGet" name="getRequestNegative" time="0.235"/>
  <testcase classname="jobsapiautomation.JobsGet" name="getRequestPositive" time="0.203"/>
</testsuite> <!-- jobsapiautomation.JobsGet -->
