<?xml version="1.0" encoding="UTF-8"?>
<!-- Generated by org.testng.reporters.JUnitReportReporter -->
<testsuite hostname="Shenthamarai" failures="0" tests="7" name="lmsapiautomation.LMSGet" time="4.741" errors="0" timestamp="9 Feb 2022 22:21:47 GMT">
  <testcase classname="lmsapiautomation.LMSGet" name="getRequestNegative" time="0.536"/>
  <testcase classname="lmsapiautomation.LMSGet" name="getRequestNegative" time="0.414"/>
  <testcase classname="lmsapiautomation.LMSGet" name="getRequestPositive" time="1.823"/>
  <testcase classname="lmsapiautomation.LMSGet" name="getRequestPositive" time="0.503"/>
  <testcase classname="lmsapiautomation.LMSGet" name="getRequestPositive" time="0.648"/>
  <testcase classname="lmsapiautomation.LMSGet" name="getRequestPositive" time="0.525"/>
  <testcase classname="lmsapiautomation.LMSGet" name="getRequestNegative" time="0.292"/>
</testsuite> <!-- lmsapiautomation.LMSGet -->
