<?xml version="1.0" encoding="UTF-8"?>
<!-- Generated by org.testng.reporters.JUnitReportReporter -->
<testsuite hostname="Shenthamarai" failures="0" tests="2" name="lmsAPIAutomation.TestCase1" time="1.839" errors="0" timestamp="13 Jan 2022 14:26:25 GMT">
  <testcase classname="lmsAPIAutomation.TestCase1" name="getAll" time="0.324"/>
  <testcase classname="lmsAPIAutomation.TestCase1" name="createProgram" time="1.515"/>
</testsuite> <!-- lmsAPIAutomation.TestCase1 -->
