<?xml version="1.0" encoding="UTF-8"?>
<!-- Generated by org.testng.reporters.JUnitReportReporter -->
<testsuite hostname="Shenthamarai" failures="0" tests="10" name="lmsapiautomation.LMSPost" time="4.791" errors="0" timestamp="9 Feb 2022 22:21:47 GMT">
  <testcase classname="lmsapiautomation.LMSPost" name="postProgramPositiveCases" time="0.546"/>
  <testcase classname="lmsapiautomation.LMSPost" name="postProgramPositiveCases" time="0.422"/>
  <testcase classname="lmsapiautomation.LMSPost" name="postProgramPositiveCases" time="0.498"/>
  <testcase classname="lmsapiautomation.LMSPost" name="postProgramNegativeCases" time="0.352"/>
  <testcase classname="lmsapiautomation.LMSPost" name="postProgramNegativeCases" time="0.448"/>
  <testcase classname="lmsapiautomation.LMSPost" name="postProgramPositiveCases" time="0.456"/>
  <testcase classname="lmsapiautomation.LMSPost" name="postProgramNegativeCases" time="0.405"/>
  <testcase classname="lmsapiautomation.LMSPost" name="postProgramPositiveCases" time="0.769"/>
  <testcase classname="lmsapiautomation.LMSPost" name="postProgramNegativeCases" time="0.401"/>
  <testcase classname="lmsapiautomation.LMSPost" name="postProgramPositiveCases" time="0.494"/>
</testsuite> <!-- lmsapiautomation.LMSPost -->
