<?xml version="1.0" encoding="UTF-8"?>
<!-- Generated by org.testng.reporters.JUnitReportReporter -->
<testsuite hostname="Shenthamarai" failures="0" tests="4" name="jobsapiautomation.JobsPut" time="1.012" errors="0" timestamp="22 Feb 2022 17:17:46 GMT">
  <testcase classname="jobsapiautomation.JobsPut" name="putPositiveCases" time="0.218"/>
  <testcase classname="jobsapiautomation.JobsPut" name="putPositiveCases" time="0.255"/>
  <testcase classname="jobsapiautomation.JobsPut" name="putNegativeCases" time="0.284"/>
  <testcase classname="jobsapiautomation.JobsPut" name="putNegativeCases" time="0.255"/>
</testsuite> <!-- jobsapiautomation.JobsPut -->
