<?xml version="1.0" encoding="UTF-8"?>
<!-- Generated by org.testng.reporters.JUnitReportReporter -->
<testsuite hostname="Shenthamarai" failures="0" tests="10" name="lmsapiautomation.LMSPost" time="4.647" errors="0" timestamp="22 Feb 2022 17:17:46 GMT">
  <testcase classname="lmsapiautomation.LMSPost" name="postProgramPositiveCases" time="0.414"/>
  <testcase classname="lmsapiautomation.LMSPost" name="postProgramPositiveCases" time="0.474"/>
  <testcase classname="lmsapiautomation.LMSPost" name="postProgramNegativeCases" time="0.384"/>
  <testcase classname="lmsapiautomation.LMSPost" name="postProgramNegativeCases" time="0.467"/>
  <testcase classname="lmsapiautomation.LMSPost" name="postProgramNegativeCases" time="0.446"/>
  <testcase classname="lmsapiautomation.LMSPost" name="postProgramPositiveCases" time="0.429"/>
  <testcase classname="lmsapiautomation.LMSPost" name="postProgramNegativeCases" time="0.413"/>
  <testcase classname="lmsapiautomation.LMSPost" name="postProgramPositiveCases" time="0.427"/>
  <testcase classname="lmsapiautomation.LMSPost" name="postProgramPositiveCases" time="0.770"/>
  <testcase classname="lmsapiautomation.LMSPost" name="postProgramPositiveCases" time="0.423"/>
</testsuite> <!-- lmsapiautomation.LMSPost -->
