<?xml version="1.0" encoding="UTF-8"?>
<!-- Generated by org.testng.reporters.JUnitReportReporter -->
<testsuite hostname="Shenthamarai" failures="0" tests="7" name="lmsapiautomation.LMSGet" time="4.251" errors="0" timestamp="22 Feb 2022 17:17:46 GMT">
  <testcase classname="lmsapiautomation.LMSGet" name="getRequestNegative" time="0.382"/>
  <testcase classname="lmsapiautomation.LMSGet" name="getRequestNegative" time="0.348"/>
  <testcase classname="lmsapiautomation.LMSGet" name="getRequestNegative" time="0.551"/>
  <testcase classname="lmsapiautomation.LMSGet" name="getRequestPositive" time="0.478"/>
  <testcase classname="lmsapiautomation.LMSGet" name="getRequestPositive" time="0.484"/>
  <testcase classname="lmsapiautomation.LMSGet" name="getRequestPositive" time="0.464"/>
  <testcase classname="lmsapiautomation.LMSGet" name="getRequestPositive" time="1.544"/>
</testsuite> <!-- lmsapiautomation.LMSGet -->
