<?xml version="1.0" encoding="UTF-8"?>
<!-- Generated by org.testng.reporters.JUnitReportReporter -->
<testsuite hostname="Shenthamarai" failures="0" tests="9" name="lmsapiautomation.LMSPut" time="4.061" errors="0" timestamp="22 Feb 2022 17:17:46 GMT">
  <testcase classname="lmsapiautomation.LMSPut" name="putNegativeCases" time="0.371"/>
  <testcase classname="lmsapiautomation.LMSPut" name="putPositiveCases" time="0.474"/>
  <testcase classname="lmsapiautomation.LMSPut" name="putPositiveCases" time="0.444"/>
  <testcase classname="lmsapiautomation.LMSPut" name="putNegativeCases" time="0.338"/>
  <testcase classname="lmsapiautomation.LMSPut" name="putPositiveCases" time="0.449"/>
  <testcase classname="lmsapiautomation.LMSPut" name="putPositiveCases" time="0.619"/>
  <testcase classname="lmsapiautomation.LMSPut" name="putPositiveCases" time="0.489"/>
  <testcase classname="lmsapiautomation.LMSPut" name="putPositiveCases" time="0.448"/>
  <testcase classname="lmsapiautomation.LMSPut" name="putPositiveCases" time="0.429"/>
</testsuite> <!-- lmsapiautomation.LMSPut -->
