<?xml version="1.0" encoding="UTF-8"?>
<!-- Generated by org.testng.reporters.JUnitReportReporter -->
<testsuite hostname="Shenthamarai" failures="0" tests="2" name="jobsapiautomation.JobsGet" time="0.446" errors="0" timestamp="22 Feb 2022 17:17:46 GMT">
  <testcase classname="jobsapiautomation.JobsGet" name="getRequestPositive" time="0.214"/>
  <testcase classname="jobsapiautomation.JobsGet" name="getRequestNegative" time="0.232"/>
</testsuite> <!-- jobsapiautomation.JobsGet -->
