<?xml version="1.0" encoding="UTF-8"?>
<!-- Generated by org.testng.reporters.JUnitReportReporter -->
<testsuite hostname="Shenthamarai" failures="0" tests="1" name="lmsapiautomation.LMSSchemaValidation" time="0.462" errors="0" timestamp="22 Feb 2022 17:17:46 GMT">
  <testcase classname="lmsapiautomation.LMSSchemaValidation" name="validateSchema" time="0.462"/>
</testsuite> <!-- lmsapiautomation.LMSSchemaValidation -->
