<?xml version="1.0" encoding="UTF-8"?>
<!-- Generated by org.testng.reporters.JUnitReportReporter -->
<testsuite hostname="Shenthamarai" failures="0" tests="10" name="jobsapiautomation.JobsPost" time="2.623" errors="0" timestamp="22 Feb 2022 17:17:46 GMT">
  <testcase classname="jobsapiautomation.JobsPost" name="postProgramNegativeCases" time="0.259"/>
  <testcase classname="jobsapiautomation.JobsPost" name="postProgramNegativeCases" time="0.207"/>
  <testcase classname="jobsapiautomation.JobsPost" name="postProgramNegativeCases" time="0.274"/>
  <testcase classname="jobsapiautomation.JobsPost" name="postProgramNegativeCases" time="0.258"/>
  <testcase classname="jobsapiautomation.JobsPost" name="postProgramNegativeCases" time="0.272"/>
  <testcase classname="jobsapiautomation.JobsPost" name="postProgramNegativeCases" time="0.262"/>
  <testcase classname="jobsapiautomation.JobsPost" name="postProgramPositiveCases" time="0.272"/>
  <testcase classname="jobsapiautomation.JobsPost" name="postProgramPositiveCases" time="0.294"/>
  <testcase classname="jobsapiautomation.JobsPost" name="postProgramNegativeCases" time="0.253"/>
  <testcase classname="jobsapiautomation.JobsPost" name="postProgramPositiveCases" time="0.272"/>
</testsuite> <!-- jobsapiautomation.JobsPost -->
